<?xml version="1.0" encoding="UTF-8"?>
<!-- Generated by org.testng.reporters.JUnitReportReporter -->
<testsuite hostname="Albuelena" failures="0" tests="4" name="curs9.SeleniumLocators" time="1.646" errors="0" timestamp="2023-03-21T16:44:10 EET" skipped="0">
  <testcase classname="curs9.SeleniumLocators" name="linkTextLocator" time="0.613"/>
  <system-out/>
  <testcase classname="curs9.SeleniumLocators" name="partialLinkTextLocator" time="0.822"/>
  <system-out/>
  <testcase classname="curs9.SeleniumLocators" name="classNamelocator" time="0.088"/>
  <system-out/>
  <testcase classname="curs9.SeleniumLocators" name="nameLocator" time="0.123"/>
  <system-out/>
</testsuite> <!-- curs9.SeleniumLocators -->
