<?xml version="1.0" encoding="UTF-8"?>
<!-- Generated by org.testng.reporters.JUnitReportReporter -->
<testsuite hostname="Albuelena" failures="0" tests="1" name="curs9.FirstScript" time="6.916" errors="0" timestamp="2023-03-21T16:42:56 EET" skipped="0">
  <testcase classname="curs9.FirstScript" name="openBrowser" time="6.916"/>
  <system-out/>
</testsuite> <!-- curs9.FirstScript -->
