<?xml version="1.0" encoding="UTF-8"?>
<!-- Generated by org.testng.reporters.JUnitReportReporter -->
<testsuite hostname="Albuelena" failures="0" tests="1" name="curs9.HomeworkEx2" time="0.418" errors="0" timestamp="2023-03-21T14:03:49 EET" skipped="0">
  <testcase classname="curs9.HomeworkEx2" name="Login" time="0.418"/>
  <system-out/>
</testsuite> <!-- curs9.HomeworkEx2 -->
