<?xml version="1.0" encoding="UTF-8"?>
<!-- Generated by org.testng.reporters.JUnitReportReporter -->
<testsuite hostname="Albuelena" failures="0" tests="4" name="curs9.SeleniumLocators" time="3.203" errors="0" timestamp="2023-03-20T21:39:13 EET" skipped="0">
  <testcase classname="curs9.SeleniumLocators" name="linkTextLocator" time="1.511"/>
  <system-out/>
  <testcase classname="curs9.SeleniumLocators" name="partialLinkTextLocator" time="1.232"/>
  <system-out/>
  <testcase classname="curs9.SeleniumLocators" name="classNamelocator" time="0.233"/>
  <system-out/>
  <testcase classname="curs9.SeleniumLocators" name="nameLocator" time="0.227"/>
  <system-out/>
</testsuite> <!-- curs9.SeleniumLocators -->
